apk/app/build/outputs/mapping/release/configuration.txt
# The proguard configuration file for the following section is release/processReleaseResources/aapt_rules.txt
-keep class androidx.core.app.CoreComponentFactory { <init>(); }
-keep class androidx.core.content.FileProvider { <init>(); }
-keep class com.fgl27.twitch.BootBroadcastReceiver { <init>(); }
-keep class com.fgl27.twitch.PlayerActivity { <init>(); }
-keep class com.fgl27.twitch.channels.SyncChannelJobService { <init>(); }
-keep class com.fgl27.twitch.notification.NotificationService { <init>(); }
-keep class net.grandcentrix.tray.provider.TrayContentProvider { <init>(); }
-keep class android.widget.Space { <init>(android.content.Context, android.util.AttributeSet); }

-keep class androidx.appcompat.app.AlertController$RecycleListView { <init>(android.content.Context, android.util.AttributeSet); }

-keep class androidx.appcompat.view.menu.ActionMenuItemView { <init>(android.content.Context, android.util.AttributeSet); }

-keep class androidx.appcompat.view.menu.ExpandedMenuView { <init>(android.content.Context, android.util.AttributeSet); }

-keep class androidx.appcompat.view.menu.ListMenuItemView { <init>(android.content.Context, android.util.AttributeSet); }

-keep class androidx.appcompat.widget.ActionBarContainer { <init>(android.content.Context, android.util.AttributeSet); }

-keep class androidx.appcompat.widget.ActionBarContextView { <init>(android.content.Context, android.util.AttributeSet); }

-keep class androidx.appcompat.widget.ActionBarOverlayLayout { <init>(android.content.Context, android.util.AttributeSet); }

-keep class androidx.appcompat.widget.ActionMenuView { <init>(android.content.Context, android.util.AttributeSet); }

-keep class androidx.appcompat.widget.ActivityChooserView$InnerLayout { <init>(android.content.Context, android.util.AttributeSet); }

-keep class androidx.appcompat.widget.AlertDialogLayout { <init>(android.content.Context, android.util.AttributeSet); }

-keep class androidx.appcompat.widget.ButtonBarLayout { <init>(android.content.Context, android.util.AttributeSet); }

-keep class androidx.appcompat.widget.ContentFrameLayout { <init>(android.content.Context, android.util.AttributeSet); }

-keep class androidx.appcompat.widget.DialogTitle { <init>(android.content.Context, android.util.AttributeSet); }

-keep class androidx.appcompat.widget.FitWindowsFrameLayout { <init>(android.content.Context, android.util.AttributeSet); }

-keep class androidx.appcompat.widget.FitWindowsLinearLayout { <init>(android.content.Context, android.util.AttributeSet); }

-keep class androidx.appcompat.widget.SearchView$SearchAutoComplete { <init>(android.content.Context, android.util.AttributeSet); }

-keep class androidx.appcompat.widget.Toolbar { <init>(android.content.Context, android.util.AttributeSet); }

-keep class androidx.appcompat.widget.ViewStubCompat { <init>(android.content.Context, android.util.AttributeSet); }

-keep class androidx.core.widget.NestedScrollView { <init>(android.content.Context, android.util.AttributeSet); }

-keep class androidx.leanback.app.GuidedStepRootLayout { <init>(android.content.Context, android.util.AttributeSet); }

-keep class androidx.leanback.transition.FadeAndShortSlide { <init>(android.content.Context, android.util.AttributeSet); }

-keep class androidx.leanback.transition.ParallaxTransition { <init>(android.content.Context, android.util.AttributeSet); }

-keep class androidx.leanback.transition.SlideKitkat { <init>(android.content.Context, android.util.AttributeSet); }

-keep class androidx.leanback.transition.SlideNoPropagation { <init>(android.content.Context, android.util.AttributeSet); }

-keep class androidx.leanback.widget.BrowseFrameLayout { <init>(android.content.Context, android.util.AttributeSet); }

-keep class androidx.leanback.widget.BrowseRowsFrameLayout { <init>(android.content.Context, android.util.AttributeSet); }

-keep class androidx.leanback.widget.CheckableImageView { <init>(android.content.Context, android.util.AttributeSet); }

-keep class androidx.leanback.widget.ControlBar { <init>(android.content.Context, android.util.AttributeSet); }

-keep class androidx.leanback.widget.GuidanceStylingRelativeLayout { <init>(android.content.Context, android.util.AttributeSet); }

-keep class androidx.leanback.widget.GuidedActionEditText { <init>(android.content.Context, android.util.AttributeSet); }

-keep class androidx.leanback.widget.GuidedActionItemContainer { <init>(android.content.Context, android.util.AttributeSet); }

-keep class androidx.leanback.widget.GuidedActionsRelativeLayout { <init>(android.content.Context, android.util.AttributeSet); }

-keep class androidx.leanback.widget.HorizontalGridView { <init>(android.content.Context, android.util.AttributeSet); }

-keep class androidx.leanback.widget.MediaNowPlayingView { <init>(android.content.Context, android.util.AttributeSet); }

-keep class androidx.leanback.widget.MediaRowFocusView { <init>(android.content.Context, android.util.AttributeSet); }

-keep class androidx.leanback.widget.NonOverlappingFrameLayout { <init>(android.content.Context, android.util.AttributeSet); }

-keep class androidx.leanback.widget.NonOverlappingLinearLayout { <init>(android.content.Context, android.util.AttributeSet); }

-keep class androidx.leanback.widget.NonOverlappingRelativeLayout { <init>(android.content.Context, android.util.AttributeSet); }

-keep class androidx.leanback.widget.NonOverlappingView { <init>(android.content.Context, android.util.AttributeSet); }

-keep class androidx.leanback.widget.PagingIndicator { <init>(android.content.Context, android.util.AttributeSet); }

-keep class androidx.leanback.widget.PlaybackControlsRowView { <init>(android.content.Context, android.util.AttributeSet); }

-keep class androidx.leanback.widget.PlaybackTransportRowView { <init>(android.content.Context, android.util.AttributeSet); }

-keep class androidx.leanback.widget.ResizingTextView { <init>(android.content.Context, android.util.AttributeSet); }

-keep class androidx.leanback.widget.RowHeaderView { <init>(android.content.Context, android.util.AttributeSet); }

-keep class androidx.leanback.widget.ScaleFrameLayout { <init>(android.content.Context, android.util.AttributeSet); }

-keep class androidx.leanback.widget.SearchBar { <init>(android.content.Context, android.util.AttributeSet); }

-keep class androidx.leanback.widget.SearchEditText { <init>(android.content.Context, android.util.AttributeSet); }

-keep class androidx.leanback.widget.SearchOrbView { <init>(android.content.Context, android.util.AttributeSet); }

-keep class androidx.leanback.widget.SeekBar { <init>(android.content.Context, android.util.AttributeSet); }

-keep class androidx.leanback.widget.SpeechOrbView { <init>(android.content.Context, android.util.AttributeSet); }

-keep class androidx.leanback.widget.ThumbsBar { <init>(android.content.Context, android.util.AttributeSet); }

-keep class androidx.leanback.widget.TitleView { <init>(android.content.Context, android.util.AttributeSet); }

-keep class androidx.leanback.widget.VerticalGridView { <init>(android.content.Context, android.util.AttributeSet); }

-keep class androidx.leanback.widget.VideoSurfaceView { <init>(android.content.Context, android.util.AttributeSet); }

-keep class androidx.leanback.widget.picker.DatePicker { <init>(android.content.Context, android.util.AttributeSet); }

-keep class androidx.media3.ui.AspectRatioFrameLayout { <init>(android.content.Context, android.util.AttributeSet); }

-keep class androidx.media3.ui.PlayerView { <init>(android.content.Context, android.util.AttributeSet); }

-keep class androidx.media3.ui.SubtitleView { <init>(android.content.Context, android.util.AttributeSet); }

-keep class androidx.media3.ui.TrackSelectionView { <init>(android.content.Context, android.util.AttributeSet); }

-keep class androidx.recyclerview.widget.RecyclerView { <init>(android.content.Context, android.util.AttributeSet); }


# End of content from release/processReleaseResources/aapt_rules.txt
# The proguard configuration file for the following section is default_proguard_files/global/proguard-android.txt-8.13.2
# This is a configuration file for ProGuard.
# http://proguard.sourceforge.net/index.html#manual/usage.html
#
# Starting with version 2.2 of the Android plugin for Gradle, this file is distributed together with
# the plugin and unpacked at build-time. The files in $ANDROID_HOME are no longer maintained and
# will be ignored by new version of the Android plugin for Gradle.

# Optimization is turned off by default. Dex does not like code run
# through the ProGuard optimize steps (and performs some
# of these optimizations on its own).
# Note that if you want to enable optimization, you cannot just
# include optimization flags in your own project configuration file;
# instead you will need to point to the
# "proguard-android-optimize.txt" file instead of this one from your
# project.properties file.
-dontoptimize

# Preserve some attributes that may be required for reflection.
-keepattributes AnnotationDefault,
                EnclosingMethod,
                InnerClasses,
                RuntimeVisibleAnnotations,
                RuntimeVisibleParameterAnnotations,
                RuntimeVisibleTypeAnnotations,
                Signature

-keep public class com.google.vending.licensing.ILicensingService
-keep public class com.android.vending.licensing.ILicensingService
-keep public class com.google.android.vending.licensing.ILicensingService
-dontnote com.android.vending.licensing.ILicensingService
-dontnote com.google.vending.licensing.ILicensingService
-dontnote com.google.android.vending.licensing.ILicensingService

# For native methods, see https://www.guardsquare.com/manual/configuration/examples#native
-keepclasseswithmembernames,includedescriptorclasses class * {
    native <methods>;
}

# Keep setters in Views so that animations can still work.
-keepclassmembers public class * extends android.view.View {
    void set*(***);
    *** get*();
}

# We want to keep methods in Activity that could be used in the XML attribute onClick.
-keepclassmembers class * extends android.app.Activity {
    public void *(android.view.View);
}

# For enumeration classes, see https://www.guardsquare.com/manual/configuration/examples#enumerations
-keepclassmembers enum * {
    public static **[] values();
    public static ** valueOf(java.lang.String);
}

-keepclassmembers class * implements android.os.Parcelable {
    public static final ** CREATOR;
}

# Preserve annotated Javascript interface methods.
-keepclassmembers class * {
    @android.webkit.JavascriptInterface <methods>;
}

# The support libraries contains references to newer platform versions.
# Don't warn about those in case this app is linking against an older
# platform version. We know about them, and they are safe.
-dontnote android.support.**
-dontnote androidx.**
-dontwarn android.support.**
-dontwarn androidx.**

# Understand the @Keep support annotation.
-keep class android.support.annotation.Keep

-keep @android.support.annotation.Keep class * {*;}

-keepclasseswithmembers class * {
    @android.support.annotation.Keep <methods>;
}

-keepclasseswithmembers class * {
    @android.support.annotation.Keep <fields>;
}

-keepclasseswithmembers class * {
    @android.support.annotation.Keep <init>(...);
}

# These classes are duplicated between android.jar and org.apache.http.legacy.jar.
-dontnote org.apache.http.**
-dontnote android.net.http.**

# These classes are duplicated between android.jar and core-lambda-stubs.jar.
-dontnote java.lang.invoke.**

# End of content from default_proguard_files/global/proguard-android.txt-8.13.2
# The proguard configuration file for the following section is apk/app/proguard-rules.pro
# Add project specific ProGuard rules here.
# You can control the set of applied configuration files using the
# proguardFiles setting in build.gradle.
#
# For more details, see
#   http://developer.android.com/guide/developing/tools/proguard.html

# If your project uses WebView with JS, uncomment the following
# and specify the fully qualified class name to the JavaScript interface
# class:
#-keepclassmembers class fqcn.of.javascript.interface.for.webview {
#   public *;
#}

# Uncomment this to preserve the line number information for
# debugging stack traces.
#-keepattributes SourceFile,LineNumberTable

# If you keep the line number information, uncomment this to
# hide the original source file name.
#-renamesourcefileattribute SourceFile

# Keep class and method names (disable obfuscation)
-dontobfuscate

# Gson uses generic type information stored in a class file when working with
# fields. Proguard removes such information by default, keep it.
-keepattributes Signature

# This is also needed for R8 in compat mode since multiple
# optimizations will remove the generic signature such as class
# merging and argument removal. See:
# https://r8.googlesource.com/r8/+/refs/heads/main/compatibility-faq.md#troubleshooting-gson-gson
-keep class com.google.gson.reflect.TypeToken { *; }
-keep class * extends com.google.gson.reflect.TypeToken

# Optional. For using GSON @Expose annotation
-keepattributes AnnotationDefault,RuntimeVisibleAnnotations

#Crashlytics
-keepattributes SourceFile,LineNumberTable        # Keep file names and line numbers.
-keep public class * extends java.lang.Exception  # Optional: Keep custom exceptions.

-keepattributes InnerClasses
-keep class com.fgl27.twitch.Tools**
-keepclassmembers class com.fgl27.twitch.Tools** {
    *;
}

-keep class com.fgl27.twitch.PlayerActivity**
-keepclassmembers class com.fgl27.twitch.PlayerActivity** {
    *;
}

-keep class com.fgl27.twitch.BlackListMediaCodecSelector**
-keepclassmembers class com.fgl27.twitch.BlackListMediaCodecSelector** {
    *;
}

-keep class com.fgl27.twitch.Constants**
-keepclassmembers class com.fgl27.twitch.Constants** {
    *;
}

-keep class com.fgl27.twitch.DataSource.mDefaultHttpDataSourceFactory**
-keepclassmembers class com.fgl27.twitch.DataSource.mDefaultHttpDataSourceFactory** {
    *;
}

-keep class com.fgl27.twitch.DataSource.mDefaultHttpDataSource**
-keepclassmembers class com.fgl27.twitch.DataSource.mDefaultHttpDataSource** {
    *;
}

-keep class com.fgl27.twitch.BootBroadcastReceiver**
-keepclassmembers class com.fgl27.twitch.BootBroadcastReceiver** {
    *;
}

-keep class com.fgl27.twitch.notification.NotificationService**
-keepclassmembers class com.fgl27.twitch.notification.NotificationService** {
    *;
}

-keep class com.fgl27.twitch.notification.NotificationUtils**
-keepclassmembers class com.fgl27.twitch.notification.NotificationUtils** {
    *;
}

-keep class com.fgl27.twitch.notification.ScreenReceiver**
-keepclassmembers class com.fgl27.twitch.notification.ScreenReceiver** {
    *;
}

-keep class com.fgl27.twitch.channels.ChannelsUtils**
-keepclassmembers class com.fgl27.twitch.channels.ChannelsUtils** {
    *;
}

-keep class com.fgl27.twitch.channels.SyncChannelJobService**
-keepclassmembers class com.fgl27.twitch.channels.SyncChannelJobService** {
    *;
}

# End of content from apk/app/proguard-rules.pro
# The proguard configuration file for the following section is exportReleaseConsumerProguardFiles/lib0/proguard.txt
# Proguard rules specific to the UI module.

# Constructor method and classes accessed via reflection in PlayerView
-dontnote androidx.media3.exoplayer.video.spherical.SphericalGLSurfaceView
-keepclassmembers class androidx.media3.exoplayer.video.spherical.SphericalGLSurfaceView {
  <init>(android.content.Context);
}
-dontnote androidx.media3.exoplayer.video.VideoDecoderGLSurfaceView
-keepclassmembers class androidx.media3.exoplayer.video.VideoDecoderGLSurfaceView {
  <init>(android.content.Context);
}
-keepnames class androidx.media3.exoplayer.ExoPlayer {}
-keepclassmembers class androidx.media3.exoplayer.ExoPlayer {
  void setImageOutput(androidx.media3.exoplayer.image.ImageOutput);
  void setScrubbingModeEnabled(boolean);
  boolean isScrubbingModeEnabled();
}
-keepclasseswithmembers class androidx.media3.exoplayer.image.ImageOutput {
  void onImageAvailable(long, android.graphics.Bitmap);
}

# Constructor method accessed via reflection in TrackSelectionDialogBuilder
-dontnote androidx.appcompat.app.AlertDialog.Builder
-keepclassmembers class androidx.appcompat.app.AlertDialog$Builder {
  <init>(android.content.Context, int);
  public android.content.Context getContext();
  public androidx.appcompat.app.AlertDialog$Builder setTitle(java.lang.CharSequence);
  public androidx.appcompat.app.AlertDialog$Builder setView(android.view.View);
  public androidx.appcompat.app.AlertDialog$Builder setPositiveButton(int, android.content.DialogInterface$OnClickListener);
  public androidx.appcompat.app.AlertDialog$Builder setNegativeButton(int, android.content.DialogInterface$OnClickListener);
  public androidx.appcompat.app.AlertDialog create();
}
# Equivalent methods needed when the library is de-jetified.
-dontnote android.support.v7.app.AlertDialog.Builder
-keepclassmembers class android.support.v7.app.AlertDialog$Builder {
  <init>(android.content.Context, int);
  public android.content.Context getContext();
  public android.support.v7.app.AlertDialog$Builder setTitle(java.lang.CharSequence);
  public android.support.v7.app.AlertDialog$Builder setView(android.view.View);
  public android.support.v7.app.AlertDialog$Builder setPositiveButton(int, android.content.DialogInterface$OnClickListener);
  public android.support.v7.app.AlertDialog$Builder setNegativeButton(int, android.content.DialogInterface$OnClickListener);
  public android.support.v7.app.AlertDialog create();
}

# Don't warn about checkerframework and Kotlin annotations
-dontwarn org.checkerframework.**
-dontwarn kotlin.annotations.jvm.**
-dontwarn javax.annotation.**

# End of content from exportReleaseConsumerProguardFiles/lib0/proguard.txt
# The proguard configuration file for the following section is exportReleaseConsumerProguardFiles/lib0/proguard.txt
# Proguard rules specific to the extractor module.

# Methods accessed via reflection in DefaultExtractorsFactory
-dontnote androidx.media3.decoder.flac.FlacExtractor
-keepclassmembers class androidx.media3.decoder.flac.FlacExtractor {
  <init>(int);
}
-dontnote androidx.media3.decoder.flac.FlacLibrary
-keepclassmembers class androidx.media3.decoder.flac.FlacLibrary {
  public static boolean isAvailable();
}
-dontnote androidx.media3.decoder.midi.MidiExtractor
-keepclassmembers class androidx.media3.decoder.midi.MidiExtractor {
  <init>();
}

# Don't warn about checkerframework and Kotlin annotations
-dontwarn org.checkerframework.**
-dontwarn kotlin.annotations.jvm.**
-dontwarn javax.annotation.**

# End of content from exportReleaseConsumerProguardFiles/lib0/proguard.txt
# The proguard configuration file for the following section is exportReleaseConsumerProguardFiles/lib0/proguard.txt
# Proguard rules specific to the DataSource module.

# Constant folding for resource integers may mean that a resource passed to this method appears to be unused. Keep the method to prevent this from happening.
-keepclassmembers class androidx.media3.datasource.RawResourceDataSource {
  public static android.net.Uri buildRawResourceUri(int);
}

# Constructors accessed via reflection in DefaultDataSource
-dontnote androidx.media3.datasource.rtmp.RtmpDataSource
-keepclassmembers class androidx.media3.datasource.rtmp.RtmpDataSource {
  <init>();
}

# End of content from exportReleaseConsumerProguardFiles/lib0/proguard.txt
# The proguard configuration file for the following section is exportReleaseConsumerProguardFiles/lib0/proguard.txt
# Proguard rules specific to the common module.

# Don't warn about checkerframework and Kotlin annotations
-dontwarn org.checkerframework.**
-dontwarn kotlin.annotations.jvm.**
-dontwarn javax.annotation.**

# From https://github.com/google/guava/wiki/UsingProGuardWithGuava
-dontwarn java.lang.ClassValue
-dontwarn java.lang.SafeVarargs