apk/app/build/outputs/mapping/release/seeds.txt
com.fgl27.twitch.notification.NotificationUtils$1
com.fgl27.twitch.Constants
com.fgl27.twitch.channels.ChannelsUtils$PreviewObj
com.fgl27.twitch.notification.NotificationService
com.fgl27.twitch.Tools$4
com.fgl27.twitch.notification.ScreenReceiver
com.fgl27.twitch.Tools$2
com.fgl27.twitch.notification.NotificationUtils$StreamObj
com.fgl27.twitch.Tools$QualitiesObj
com.fgl27.twitch.notification.NotificationUtils
com.fgl27.twitch.channels.ChannelsUtils$ChannelContentObj
com.fgl27.twitch.notification.NotificationUtils$LogoObj
com.fgl27.twitch.PlayerActivity$1
com.fgl27.twitch.Tools$3
com.fgl27.twitch.PlayerActivity$WebAppInterface
com.fgl27.twitch.PlayerActivity$AnalyticsEventListener
com.fgl27.twitch.Tools$Mp4ExtractorsFactory
com.fgl27.twitch.Tools$ResponseObj
com.fgl27.twitch.PlayerActivity$2
com.fgl27.twitch.BootBroadcastReceiver
com.fgl27.twitch.BlackListMediaCodecSelector
com.fgl27.twitch.PlayerActivity
com.fgl27.twitch.PlayerActivity$PlayerEventListener
com.fgl27.twitch.channels.ChannelsUtils
com.fgl27.twitch.PlayerActivity$screenOffReceiver
com.fgl27.twitch.PlayerActivity$PlayerObj
com.fgl27.twitch.channels.ChannelsUtils$ChannelObj
com.fgl27.twitch.Tools
com.fgl27.twitch.channels.SyncChannelJobService
com.fgl27.twitch.Tools$5
com.fgl27.twitch.notification.NotificationUtils$NotifyList
com.fgl27.twitch.Tools$CodecList
com.fgl27.twitch.Tools$1
com.fgl27.twitch.PlayerActivity: long PingErrorCounter
com.fgl27.twitch.PlayerActivity$PlayerObj: androidx.media3.exoplayer.source.MediaSource mediaSources
com.fgl27.twitch.Constants: java.lang.String ACTION_NOTIFY_START
com.fgl27.twitch.PlayerActivity: int[] idTexture
com.fgl27.twitch.Constants: java.lang.String PREF_APP_RUNNING
com.fgl27.twitch.PlayerActivity$PlayerObj: int Type
com.fgl27.twitch.notification.NotificationUtils$NotifyList: android.graphics.Bitmap logo
com.fgl27.twitch.Constants: java.lang.String PREF_USER_LANGUAGE
com.fgl27.twitch.PlayerActivity: float NetActivityAVG
com.fgl27.twitch.Constants: int CHANNEL_TYPE_FEATURED
com.fgl27.twitch.PlayerActivity$PlayerEventListener: int Delay_ms
com.fgl27.twitch.PlayerActivity: int FullScreenPosition
com.fgl27.twitch.PlayerActivity: float netActivity
com.fgl27.twitch.Constants: java.lang.String PREF_NOTIFICATION_REPEAT
com.fgl27.twitch.PlayerActivity: boolean PingWarning
com.fgl27.twitch.PlayerActivity: java.lang.String LastIntent
com.fgl27.twitch.Tools: java.util.Map AvcLevelsMap
com.fgl27.twitch.notification.NotificationUtils$LogoObj: java.lang.String logo
com.fgl27.twitch.notification.NotificationService: net.grandcentrix.tray.AppPreferences appPreferences
com.fgl27.twitch.PlayerActivity: boolean isAppUrlPageUrl
com.fgl27.twitch.PlayerActivity: int PicturePictureSize
com.fgl27.twitch.Constants: java.lang.String VIDEO_404
com.fgl27.twitch.Tools$ResponseObj: java.lang.String url
com.fgl27.twitch.PlayerActivity: boolean warningShowing
com.fgl27.twitch.channels.ChannelsUtils: java.lang.String[] TV_CONTRACT_ARRAY
com.fgl27.twitch.channels.ChannelsUtils$ChannelContentObj: int previewSize
com.fgl27.twitch.Constants: java.lang.String KeyPageUrl
com.fgl27.twitch.PlayerActivity: float conSpeed
com.fgl27.twitch.notification.NotificationUtils$NotifyList: java.lang.String notificationTitle
com.fgl27.twitch.PlayerActivity: android.os.Handler NotificationHandler
com.fgl27.twitch.channels.ChannelsUtils: java.util.Comparator compareViewers
com.fgl27.twitch.Constants: java.lang.String PREF_NOTIFICATION_STREAM_LIVE
com.fgl27.twitch.notification.NotificationService: java.lang.String TAG
com.fgl27.twitch.Constants: java.lang.String CHANNEL_TYPE
com.fgl27.twitch.Constants: java.lang.String[][] BASE_HEADERS
com.fgl27.twitch.Tools$CodecList: java.lang.String type
com.fgl27.twitch.Constants: java.lang.String PREF_NOTIFICATION_SINCE_TIME
com.fgl27.twitch.Constants: java.lang.String DEEPLINK_SCHEME
com.fgl27.twitch.PlayerActivity: android.os.Handler[] CurrentPositionHandler
com.fgl27.twitch.Tools$CodecList: java.lang.String resolutions
...
androidx.leanback.widget.CheckableImageView: CheckableImageView(android.content.Context,android.util.AttributeSet)
androidx.media3.ui.PlayerView: void setResizeMode(int)
androidx.leanback.widget.StreamingTextView: int getStreamPosition()
androidx.core.graphics.drawable.DrawableCompat$Api19Impl: android.graphics.drawable.Drawable getChild(android.graphics.drawable.DrawableContainer$DrawableContainerState,int)
androidx.core.view.ViewParentCompat$Api21Impl: boolean onStartNestedScroll(android.view.ViewParent,android.view.View,android.view.View,int)
androidx.core.view.WindowInsetsCompat$Impl: void setRootViewData(androidx.core.graphics.Insets)
org.chromium.support_lib_boundary.WebViewClientBoundaryInterface: void onSafeBrowsingHit(android.webkit.WebView,android.webkit.WebResourceRequest,int,java.lang.reflect.InvocationHandler)
com.google.common.base.AbstractIterator$State: com.google.common.base.AbstractIterator$State[] values()
androidx.core.widget.NestedScrollView: float getTopFadingEdgeStrength()
androidx.leanback.widget.GuidedActionsRelativeLayout: GuidedActionsRelativeLayout(android.content.Context,android.util.AttributeSet)
androidx.appcompat.widget.LinearLayoutCompat: void setDividerPadding(int)
androidx.leanback.widget.picker.Picker: void setPickerItemLayoutId(int)
androidx.appcompat.widget.ActionBarOverlayLayout: java.lang.CharSequence getTitle()
androidx.vectordrawable.graphics.drawable.VectorDrawableCompat$VGroup: void setTranslateX(float)
androidx.core.view.ViewCompat$Api16Impl: boolean hasTransientState(android.view.View)
androidx.core.view.ViewCompat$Api16Impl: boolean hasOverlappingRendering(android.view.View)
androidx.recyclerview.widget.RecyclerView$Adapter$StateRestorationPolicy: androidx.recyclerview.widget.RecyclerView$Adapter$StateRestorationPolicy[] values()
androidx.appcompat.widget.Toolbar: int getTitleMarginTop()
androidx.core.widget.PopupWindowCompat$Api23Impl: boolean getOverlapAnchor(android.widget.PopupWindow)
androidx.appcompat.widget.ActionMenuView: int getPopupTheme()
com.google.gson.internal.bind.JsonAdapterAnnotationTypeAdapterFactory$DummyTypeAdapterFactory: JsonAdapterAnnotationTypeAdapterFactory$DummyTypeAdapterFactory()
org.chromium.support_lib_boundary.WebViewNavigationBoundaryInterface: int getStatusCode()
androidx.leanback.widget.SearchBar: void setSearchBarListener(androidx.leanback.widget.SearchBar$SearchBarListener)
org.chromium.support_lib_boundary.StaticsBoundaryInterface: void setDefaultTrafficStatsTag(int)
org.chromium.support_lib_boundary.SpeculativeLoadingConfigBoundaryInterface: int getMaxPrerenders()
androidx.core.view.WindowInsetsCompat$Impl20: void setOverriddenInsets(androidx.core.graphics.Insets[])
org.chromium.support_lib_boundary.WebStorageBoundaryInterface: java.lang.String deleteBrowsingDataForSite(java.lang.String,java.util.concurrent.Executor,java.lang.Runnable)
androidx.recyclerview.widget.RecyclerView: void setScrollState(int)
androidx.core.view.accessibility.AccessibilityEventCompat$Api19Impl: void setContentChangeTypes(android.view.accessibility.AccessibilityEvent,int)
org.chromium.support_lib_boundary.PrefetchOperationCallbackBoundaryInterface: void onFailure(int,java.lang.String,int)
androidx.vectordrawable.graphics.drawable.VectorDrawableCompat$VPath: java.lang.String getPathName()
androidx.appcompat.widget.ActionBarOverlayLayout: void setHasNonEmbeddedTabs(boolean)
org.chromium.support_lib_boundary.DropDataContentProviderBoundaryInterface: android.net.Uri cache(byte[],java.lang.String,java.lang.String)
androidx.leanback.widget.picker.Picker: void setColumns(java.util.List)
androidx.leanback.widget.GuidedActionItemContainer: GuidedActionItemContainer(android.content.Context,android.util.AttributeSet)
androidx.leanback.widget.NonOverlappingLinearLayout: NonOverlappingLinearLayout(android.content.Context,android.util.AttributeSet)
androidx.core.view.WindowInsetsCompat$Impl: void setStableInsets(androidx.core.graphics.Insets)