apk/app/build/outputs/mapping/release/usage.txt
com.fgl27.twitch.BuildConfig
com.fgl27.twitch.DataSource.DefaultHttpDataSource$Factory:
    public synthetic bridge androidx.media3.datasource.HttpDataSource createDataSource()
    public com.fgl27.twitch.DataSource.DefaultHttpDataSource$Factory setContentTypePredicate(com.google.common.base.Predicate)
    public com.fgl27.twitch.DataSource.DefaultHttpDataSource$Factory setCrossProtocolRedirectsForceOriginal(boolean)
    public synthetic bridge androidx.media3.datasource.HttpDataSource$Factory setDefaultRequestProperties(java.util.Map)
    public com.fgl27.twitch.DataSource.DefaultHttpDataSource$Factory setDefaultRequestProperties(java.util.Map)
    public com.fgl27.twitch.DataSource.DefaultHttpDataSource$Factory setKeepPostFor302Redirects(boolean)
    public com.fgl27.twitch.DataSource.DefaultHttpDataSource$Factory setTransferListener(androidx.media3.datasource.TransferListener)
com.fgl27.twitch.DataSource.DefaultHttpDataSource:
    public static final int DEFAULT_CONNECT_TIMEOUT_MILLIS
    public static final int DEFAULT_READ_TIMEOUT_MILLIS
    private static final int HTTP_STATUS_PERMANENT_REDIRECT
    private static final int HTTP_STATUS_TEMPORARY_REDIRECT
    private static final int MAX_REDIRECTS
    private static final java.lang.String TAG
    public void clearAllRequestProperties()
    public void clearRequestProperty(java.lang.String)
    public int getResponseCode()
    public void setRequestProperty(java.lang.String,java.lang.String)
com.fgl27.twitch.R$color
com.fgl27.twitch.R$drawable:
    public static int banner
    public static int border
    public static int ic_launcher_adaptive_back
    public static int ic_launcher_adaptive_fore
    public static int shadow_text
    public static int splash
    private void <init>()
com.fgl27.twitch.R$id:
    public static int root
    private void <init>()
com.fgl27.twitch.R$layout:
    private void <init>()
com.fgl27.twitch.R$mipmap:
    public static int app_icon
    public static int ic_launchers
    public static int ic_splash
    private void <init>()
com.fgl27.twitch.R$string:
    public static int app_name
    public static int channel_game_title
    public static int notification_live_game
    private void <init>()
com.fgl27.twitch.R$style:
    public static int AppTheme_Launcher
    private void <init>()
com.fgl27.twitch.R$xml
com.fgl27.twitch.R
...
androidx.core.location.LocationListenerCompat
androidx.core.location.LocationManagerCompat$Api19Impl
androidx.core.location.LocationManagerCompat$Api24Impl
androidx.core.location.LocationManagerCompat$Api28Impl
androidx.core.location.LocationManagerCompat$Api30Impl
androidx.core.location.LocationManagerCompat$Api31Impl
androidx.core.location.LocationManagerCompat$CancellableLocationListener
androidx.core.location.LocationManagerCompat$GnssLazyLoader
androidx.core.location.LocationManagerCompat$GnssStatusTransport
androidx.core.location.LocationManagerCompat$GpsStatusTransport
androidx.core.location.LocationManagerCompat$InlineHandlerExecutor
androidx.core.location.LocationManagerCompat$LocationListenerKey
androidx.core.location.LocationManagerCompat$LocationListenerTransport
androidx.core.location.LocationManagerCompat$PreRGnssStatusTransport
androidx.core.location.LocationManagerCompat
androidx.core.location.LocationRequestCompat$Api19Impl
androidx.core.location.LocationRequestCompat$Api31Impl
androidx.core.location.LocationRequestCompat$Builder
androidx.core.location.LocationRequestCompat$Quality
androidx.core.location.LocationRequestCompat
androidx.core.math.MathUtils:
    private void <init>()
    public static int addExact(int,int)
    public static long addExact(long,long)
    public static double clamp(double,double,double)
    public static float clamp(float,float,float)
    public static long clamp(long,long,long)
    public static int decrementExact(int)
    public static long decrementExact(long)
    public static int incrementExact(int)
    public static long incrementExact(long)
    public static int multiplyExact(int,int)
    public static long multiplyExact(long,long)
    public static int negateExact(int)
    public static long negateExact(long)
    public static int subtractExact(int,int)
    public static long subtractExact(long,long)
    public static int toIntExact(long)
androidx.core.net.ConnectivityManagerCompat$Api16Impl
androidx.core.net.ConnectivityManagerCompat$Api24Impl
androidx.core.net.ConnectivityManagerCompat$RestrictBackgroundStatus
androidx.core.net.ConnectivityManagerCompat
androidx.core.net.DatagramSocketWrapper$DatagramSocketImplWrapper
androidx.core.net.DatagramSocketWrapper
androidx.core.net.MailTo
androidx.core.net.ParseException:
    public final java.lang.String response
    void <init>(java.lang.String)
androidx.core.net.TrafficStatsCompat$Api24Impl
androidx.core.net.TrafficStatsCompat
androidx.core.net.UriCompat
androidx.core.net.UriKt
androidx.core.os.BuildCompat$PrereleaseSdkCheck
androidx.core.os.BuildCompat:
    private void <init>()
    public static boolean isAtLeastN()
    public static boolean isAtLeastNMR1()
    public static boolean isAtLeastO()
    public static boolean isAtLeastOMR1()
    public static boolean isAtLeastP()
    protected static boolean isAtLeastPreReleaseCodename(java.lang.String,java.lang.String)
    public static boolean isAtLeastQ()
    public static boolean isAtLeastS()
    public static boolean isAtLeastSv2()
    public static boolean isAtLeastT()
    public static boolean isAtLeastU()
androidx.core.os.BundleKt
androidx.core.os.CancellationSignal$Api16Impl
androidx.core.os.CancellationSignal$OnCancelListener
androidx.core.os.CancellationSignal
androidx.core.os.ConfigurationCompat$Api24Impl
androidx.core.os.ConfigurationCompat
androidx.core.os.EnvironmentCompat$Api19Impl
androidx.core.os.EnvironmentCompat$Api21Impl
androidx.core.os.EnvironmentCompat
androidx.core.os.ExecutorCompat$HandlerExecutor
androidx.core.os.ExecutorCompat
androidx.core.os.HandlerCompat$Api28Impl
androidx.core.os.HandlerCompat$Api29Impl
androidx.core.os.HandlerCompat
androidx.core.os.HandlerKt$postAtTime$runnable$1
androidx.core.os.HandlerKt$postDelayed$runnable$1
androidx.core.os.HandlerKt
androidx.core.os.LocaleListCompat$Api21Impl
androidx.core.os.LocaleListCompat$Api24Impl
androidx.core.os.LocaleListCompat
androidx.core.os.LocaleListCompatWrapper$Api21Impl